{"level":"info","message":"Retrieving all collections","timestamp":"2024-10-20T04:55:02.541Z"}
{"count":1,"level":"info","message":"Collections retrieved successfully","timestamp":"2024-10-20T04:55:02.654Z"}
{"level":"info","message":"Retrieving all collections","timestamp":"2024-10-20T04:55:02.681Z"}
{"count":1,"level":"info","message":"Collections retrieved successfully","timestamp":"2024-10-20T04:55:02.785Z"}
{"body":{"collectionDate":"2024-10-27","collectionType":"Standard Waste","contactInfo":{"email":"p.g.m.sadeep2001@gmail.com","phoneNumber":"n"},"location":{"coordinates":[82.68629884591965,171.7030488833376],"type":"Point"},"paymentMethod":"Online Payment","pickupAddress":"nm","specialInstructions":"jhj","termsAgreed":true,"timeSlot":"Morning","wasteDescription":"mp"},"level":"info","message":"Creating a new collection","timestamp":"2024-10-20T04:55:59.808Z"}
{"collection":{"__v":0,"_id":"67148d5f478fa98cd7b2281d","collectionDate":"2024-10-27T00:00:00.000Z","collectionType":"Standard Waste","contactInfo":{"email":"p.g.m.sadeep2001@gmail.com","phoneNumber":"n"},"createdAt":"2024-10-20T04:55:59.822Z","location":{"coordinates":[82.68629884591965,171.7030488833376],"type":"Point"},"paymentMethod":"Online Payment","pickupAddress":"nm","specialInstructions":"jhj","termsAgreed":true,"timeSlot":"Morning","updatedAt":"2024-10-20T04:55:59.822Z","wasteDescription":"mp"},"level":"info","message":"Collection created successfully","timestamp":"2024-10-20T04:55:59.938Z"}
{"level":"info","message":"Retrieving all collections","timestamp":"2024-10-20T04:56:04.972Z"}
{"count":2,"level":"info","message":"Collections retrieved successfully","timestamp":"2024-10-20T04:56:05.092Z"}
{"level":"info","message":"Retrieving all collections","timestamp":"2024-10-20T04:56:05.096Z"}
{"count":2,"level":"info","message":"Collections retrieved successfully","timestamp":"2024-10-20T04:56:05.318Z"}
{"id":"67146ac86151cf32b4aa802f","level":"info","message":"Deleting collection with ID","timestamp":"2024-10-20T04:56:14.359Z"}
{"id":"67146ac86151cf32b4aa802f","level":"info","message":"Collection deleted successfully","timestamp":"2024-10-20T04:56:14.464Z"}
{"level":"info","message":"Retrieving all collections","timestamp":"2024-10-20T04:56:14.475Z"}
{"count":1,"level":"info","message":"Collections retrieved successfully","timestamp":"2024-10-20T04:56:14.577Z"}
{"level":"info","message":"Retrieving all collections","timestamp":"2024-10-20T05:52:13.575Z"}
{"count":0,"level":"info","message":"Collections retrieved successfully","timestamp":"2024-10-20T05:52:13.708Z"}
{"level":"info","message":"Retrieving all collections","timestamp":"2024-10-20T05:52:13.711Z"}
{"count":0,"level":"info","message":"Collections retrieved successfully","timestamp":"2024-10-20T05:52:13.825Z"}
{"level":"info","message":"Retrieving all collections","timestamp":"2024-10-20T05:56:03.488Z"}
{"count":0,"level":"info","message":"Collections retrieved successfully","timestamp":"2024-10-20T05:56:03.656Z"}
{"level":"info","message":"Retrieving all collections","timestamp":"2024-10-20T05:56:03.660Z"}
{"count":0,"level":"info","message":"Collections retrieved successfully","timestamp":"2024-10-20T05:56:04.187Z"}
{"level":"info","message":"Retrieving all collections","timestamp":"2024-10-20T05:58:35.659Z"}
{"count":0,"level":"info","message":"Collections retrieved successfully","timestamp":"2024-10-20T05:58:35.791Z"}
{"level":"info","message":"Retrieving all collections","timestamp":"2024-10-20T05:58:35.794Z"}
{"count":0,"level":"info","message":"Collections retrieved successfully","timestamp":"2024-10-20T05:58:35.897Z"}
{"level":"info","message":"Retrieving all collections","timestamp":"2024-10-20T05:58:59.693Z"}
{"count":0,"level":"info","message":"Collections retrieved successfully","timestamp":"2024-10-20T05:58:59.820Z"}
{"level":"info","message":"Retrieving all collections","timestamp":"2024-10-20T05:58:59.824Z"}
{"count":0,"level":"info","message":"Collections retrieved successfully","timestamp":"2024-10-20T05:58:59.932Z"}
{"level":"info","message":"Retrieving all collections","timestamp":"2024-10-20T06:15:02.789Z"}
{"count":0,"level":"info","message":"Collections retrieved successfully","timestamp":"2024-10-20T06:15:02.965Z"}
{"level":"info","message":"Retrieving all collections","timestamp":"2024-10-20T06:15:02.969Z"}
{"count":0,"level":"info","message":"Collections retrieved successfully","timestamp":"2024-10-20T06:15:03.073Z"}
{"level":"info","message":"Retrieving all collections","timestamp":"2024-10-20T06:15:22.951Z"}
{"count":0,"level":"info","message":"Collections retrieved successfully","timestamp":"2024-10-20T06:15:23.076Z"}
{"level":"info","message":"Retrieving all collections","timestamp":"2024-10-20T06:15:23.080Z"}
{"count":0,"level":"info","message":"Collections retrieved successfully","timestamp":"2024-10-20T06:15:23.198Z"}
{"level":"info","message":"Retrieving all collections","timestamp":"2024-10-20T06:17:18.054Z"}
{"count":0,"level":"info","message":"Collections retrieved successfully","timestamp":"2024-10-20T06:17:18.234Z"}
{"level":"info","message":"Retrieving all collections","timestamp":"2024-10-20T06:17:18.236Z"}
{"count":0,"level":"info","message":"Collections retrieved successfully","timestamp":"2024-10-20T06:17:18.383Z"}
{"level":"info","message":"Retrieving all collections","timestamp":"2024-10-20T06:17:44.868Z"}
{"level":"info","message":"Retrieving all collections","timestamp":"2024-10-20T06:17:46.070Z"}
{"level":"info","message":"Retrieving all collections","timestamp":"2024-10-20T06:18:06.078Z"}
{"level":"error","message":"Error retrieving collections connection <monitor> to 35.187.229.13:27017 timed out","timestamp":"2024-10-20T06:18:40.724Z"}
{"level":"error","message":"Error retrieving collections connection <monitor> to 35.187.229.13:27017 timed out","timestamp":"2024-10-20T06:18:40.727Z"}
{"count":0,"level":"info","message":"Collections retrieved successfully","timestamp":"2024-10-20T06:18:51.932Z"}
